Build started 22/06/2016 20:31:36.
     1>Project "C:\Users\Gonen\Source\Repos\project2\unitedPoject\unitedPoject\unitedPoject.vcxproj" on node 2 (Build target(s)).
     1>ClCompile:
         C:\Program Files (x86)\Microsoft Visual Studio 12.0\VC\bin\CL.exe /c /Zi /nologo /W3 /WX- /O2 /Oi /Oy- /GL /D WIN32 /D NDEBUG /D _CONSOLE /D _LIB /D _UNICODE /D UNICODE /Gm- /EHsc /MD /GS /Gy /fp:precise /Zc:wchar_t /Zc:forScope /Fo"Release\\" /Fd"Release\vc120.pdb" /Gd /TP /analyze- /errorReport:prompt Button.cpp EventEngine.cpp Graphics.cpp iControl.cpp Label.cpp main.cpp
         Button.cpp
     1>c:\users\gonen\source\repos\project2\unitedpoject\unitedpoject\Button.h(4): warning C4067: unexpected tokens following preprocessor directive - expected a newline
     1>c:\users\gonen\source\repos\project2\unitedpoject\unitedpoject\iControl.h(59): warning C4018: '<' : signed/unsigned mismatch
     1>c:\users\gonen\source\repos\project2\unitedpoject\unitedpoject\iControl.h(66): warning C4018: '<' : signed/unsigned mismatch
     1>Button.cpp(22): warning C4018: '<' : signed/unsigned mismatch
         EventEngine.cpp
     1>c:\users\gonen\source\repos\project2\unitedpoject\unitedpoject\iControl.h(59): warning C4018: '<' : signed/unsigned mismatch
     1>c:\users\gonen\source\repos\project2\unitedpoject\unitedpoject\iControl.h(66): warning C4018: '<' : signed/unsigned mismatch
         Graphics.cpp
     1>Graphics.cpp(97): warning C4244: 'argument' : conversion from 'DWORD' to 'WORD', possible loss of data
         iControl.cpp
     1>c:\users\gonen\source\repos\project2\unitedpoject\unitedpoject\iControl.h(59): warning C4018: '<' : signed/unsigned mismatch
     1>c:\users\gonen\source\repos\project2\unitedpoject\unitedpoject\iControl.h(66): warning C4018: '<' : signed/unsigned mismatch
     1>iControl.cpp(129): warning C4244: 'argument' : conversion from 'DWORD' to 'WORD', possible loss of data
     1>iControl.cpp(130): warning C4244: 'argument' : conversion from 'DWORD' to 'WORD', possible loss of data
         Label.cpp
     1>c:\users\gonen\source\repos\project2\unitedpoject\unitedpoject\iControl.h(59): warning C4018: '<' : signed/unsigned mismatch
     1>c:\users\gonen\source\repos\project2\unitedpoject\unitedpoject\iControl.h(66): warning C4018: '<' : signed/unsigned mismatch
         main.cpp
     1>c:\users\gonen\source\repos\project2\unitedpoject\unitedpoject\Button.h(4): warning C4067: unexpected tokens following preprocessor directive - expected a newline
     1>c:\users\gonen\source\repos\project2\unitedpoject\unitedpoject\iControl.h(59): warning C4018: '<' : signed/unsigned mismatch
     1>c:\users\gonen\source\repos\project2\unitedpoject\unitedpoject\iControl.h(66): warning C4018: '<' : signed/unsigned mismatch
     1>main.cpp(31): warning C4101: 'i' : unreferenced local variable
     1>main.cpp(31): warning C4101: 'fdwMode' : unreferenced local variable
     1>main.cpp(32): warning C4101: 'irInBuf' : unreferenced local variable
     1>main.cpp(31): warning C4101: 'cNumRead' : unreferenced local variable
       Link:
         C:\Program Files (x86)\Microsoft Visual Studio 12.0\VC\bin\link.exe /ERRORREPORT:PROMPT /OUT:"C:\Users\Gonen\Source\Repos\project2\unitedPoject\Release\unitedPoject.exe" /INCREMENTAL:NO /NOLOGO kernel32.lib user32.lib gdi32.lib winspool.lib comdlg32.lib advapi32.lib shell32.lib ole32.lib oleaut32.lib uuid.lib odbc32.lib odbccp32.lib /MANIFEST /MANIFESTUAC:"level='asInvoker' uiAccess='false'" /manifest:embed /DEBUG /PDB:"C:\Users\Gonen\Source\Repos\project2\unitedPoject\Release\unitedPoject.pdb" /SUBSYSTEM:CONSOLE /OPT:REF /OPT:ICF /LTCG /TLBID:1 /DYNAMICBASE /NXCOMPAT /IMPLIB:"C:\Users\Gonen\Source\Repos\project2\unitedPoject\Release\unitedPoject.lib" /MACHINE:X86 /SAFESEH Release\Button.obj
         Release\EventEngine.obj
         Release\Graphics.obj
         Release\iControl.obj
         Release\Label.obj
         Release\main.obj
         Generating code
     1>c:\users\gonen\source\repos\project2\unitedpoject\unitedpoject\icontrol.h(63): warning C4715: 'iControl::getFocus' : not all control paths return a value
         Finished generating code
         unitedPoject.vcxproj -> C:\Users\Gonen\Source\Repos\project2\unitedPoject\Release\unitedPoject.exe
     1>Done Building Project "C:\Users\Gonen\Source\Repos\project2\unitedPoject\unitedPoject\unitedPoject.vcxproj" (Build target(s)).

Build succeeded.

Time Elapsed 00:00:06.37
